2018-11-19 09:36:57 INFO  Server:32 - SAME registered like a CLIENT
2018-11-19 09:37:46 INFO  Server:32 - SAME registered like a CLIENT
2018-11-19 09:37:46 INFO  Server:32 - SAME registered like a AGENT
2018-11-19 09:37:58 INFO  Server:32 - SAME registered like a CLIENT
2018-11-19 09:37:58 INFO  Server:32 - SAME registered like a AGENT
2018-11-19 09:38:08 INFO  Server:32 - SAME registered like a CLIENT
2018-11-19 09:38:08 INFO  Server:32 - SAME registered like a AGENT
2018-11-19 09:40:32 INFO  Server:32 - SAME registered like a CLIENT
2018-11-19 09:40:32 INFO  Server:32 - SAME registered like a AGENT
2018-11-19 09:40:41 INFO  Server:32 - SAME registered like a CLIENT
2018-11-19 09:40:41 INFO  Server:32 - SAME registered like a AGENT
2018-11-19 09:40:46 INFO  Server:32 - SAME registered like a CLIENT
2018-11-19 09:40:46 INFO  Server:32 - SAME registered like a AGENT
2018-11-19 09:40:54 INFO  Server:32 - SAME registered like a CLIENT
2018-11-19 09:40:54 INFO  Server:32 - SAME registered like a AGENT
2018-11-20 01:01:51 INFO  Server:39 - Server running
2018-11-20 01:16:27 INFO  Server:39 - Server running
2018-11-20 01:16:27 INFO  Server:60 - Connection: Mock for Socket, hashCode: 597255128
2018-11-20 01:17:52 INFO  Server:39 - Server running
2018-11-20 01:17:53 INFO  Server:60 - Connection: Mock for Socket, hashCode: 597255128
2018-11-20 01:18:24 INFO  Server:39 - Server running
2018-11-20 01:18:25 INFO  Server:60 - Connection: Mock for Socket, hashCode: 597255128
2018-11-20 01:47:52 INFO  Server:39 - Server running
2018-11-20 01:47:52 INFO  Server:60 - Connection: Mock for Socket, hashCode: 1476394199
2018-11-20 01:47:52 INFO  Server:32 - A registered like a AGENT
2018-11-20 01:47:52 INFO  Server:68 - Disconnect: Mock for Socket, hashCode: 1476394199
2018-11-20 01:50:51 INFO  Server:39 - Server running
2018-11-20 01:50:51 INFO  Server:60 - Connection: Mock for Socket, hashCode: 1476394199
2018-11-20 01:50:51 INFO  Server:32 - A registered like a AGENT
2018-11-20 01:50:51 INFO  Server:68 - Disconnect: Mock for Socket, hashCode: 1476394199
2018-11-20 01:57:01 INFO  Server:39 - Server running
2018-11-20 01:57:01 INFO  Server:60 - Connection: Mock for Socket, hashCode: 342597804
2018-11-20 01:57:01 INFO  Server:68 - Disconnect: Mock for Socket, hashCode: 342597804
2018-11-20 02:22:58 INFO  Server:39 - Server running
2018-11-20 02:22:59 INFO  Server:60 - Connection: Mock for Socket, hashCode: 837764579
2018-11-20 02:22:59 INFO  Server:67 - Disconnect: Mock for Socket, hashCode: 837764579
2018-11-20 22:24:30 INFO  Server:32 - SAME зарегистрировался как CLIENT
2018-11-20 22:24:30 INFO  Server:32 - SAME зарегистрировался как AGENT
2018-11-20 22:24:30 INFO  Server:39 - Server running
2018-11-20 22:24:30 INFO  Server:60 - Connection: Mock for Socket, hashCode: 2025864991
2018-11-20 22:24:30 INFO  Server:67 - Disconnect: Mock for Socket, hashCode: 2025864991
2018-11-20 22:31:03 INFO  Server:32 - SAME зарегистрировался как CLIENT
2018-11-20 22:31:03 INFO  Server:32 - SAME зарегистрировался как AGENT
2018-11-20 22:31:04 INFO  Server:39 - Server running
2018-11-20 22:31:04 INFO  Server:60 - Connection: Mock for Socket, hashCode: 1589683045
2018-11-20 22:31:04 INFO  Server:67 - Disconnect: Mock for Socket, hashCode: 1589683045
2018-11-20 22:37:22 INFO  Server:39 - Server running
2018-11-20 22:37:22 INFO  Server:32 - A зарегистрировался как AGENT
2018-11-20 22:37:35 INFO  Server:39 - Server running
2018-11-20 22:37:35 INFO  Server:60 - Connection: Mock for Socket, hashCode: 348100441
2018-11-20 22:37:35 INFO  Server:32 - A зарегистрировался как AGENT
2018-11-20 22:37:35 INFO  Server:67 - Disconnect: Mock for Socket, hashCode: 348100441
2018-11-20 22:37:45 INFO  Server:39 - Server running
2018-11-20 22:37:45 INFO  Server:60 - Connection: Mock for Socket, hashCode: 348100441
2018-11-20 22:37:45 INFO  Server:32 - A зарегистрировался как AGENT
2018-11-20 22:38:38 INFO  Server:32 - SAME зарегистрировался как CLIENT
2018-11-20 22:38:39 INFO  Server:32 - SAME зарегистрировался как AGENT
2018-11-20 22:38:39 INFO  Server:39 - Server running
2018-11-20 22:38:39 INFO  Server:39 - Server running
2018-11-20 22:38:39 INFO  Server:32 - A зарегистрировался как AGENT
2018-11-20 22:38:39 INFO  Server:60 - Connection: Mock for Socket, hashCode: 1875308878
2018-11-20 22:38:39 INFO  Server:67 - Disconnect: Mock for Socket, hashCode: 1875308878
2018-11-20 22:38:39 INFO  Server:60 - Connection: Mock for Socket, hashCode: 1589683045
2018-11-20 22:38:39 INFO  Server:67 - Disconnect: Mock for Socket, hashCode: 1589683045
2018-11-20 22:39:50 INFO  Server:32 - SAME зарегистрировался как CLIENT
2018-11-20 22:39:50 INFO  Server:32 - SAME зарегистрировался как AGENT
2018-11-20 22:39:51 INFO  Server:39 - Server running
2018-11-20 22:39:51 INFO  Server:39 - Server running
2018-11-20 22:39:51 INFO  Server:32 - A зарегистрировался как AGENT
2018-11-20 22:39:52 INFO  Server:60 - Connection: Mock for Socket, hashCode: 1875308878
2018-11-20 22:39:52 INFO  Server:67 - Disconnect: Mock for Socket, hashCode: 1875308878
2018-11-20 22:39:52 INFO  Server:60 - Connection: Mock for Socket, hashCode: 1589683045
2018-11-20 22:39:52 INFO  Server:67 - Disconnect: Mock for Socket, hashCode: 1589683045
2018-11-20 22:42:50 INFO  Server:32 - SAME зарегистрировался как CLIENT
2018-11-20 22:42:50 INFO  Server:32 - SAME зарегистрировался как AGENT
2018-11-20 22:42:50 INFO  Server:39 - Server running
2018-11-20 22:42:51 INFO  Server:67 - Disconnect: Mock for Socket, hashCode: 1340328248
2018-11-20 22:42:51 INFO  Server:39 - Server running
2018-11-20 22:42:51 INFO  Server:60 - Connection: Mock for Socket, hashCode: 1445157774
2018-11-20 22:42:51 INFO  Server:32 - A зарегистрировался как AGENT
2018-11-20 22:42:51 INFO  Server:67 - Disconnect: Mock for Socket, hashCode: 1445157774
2018-11-20 22:42:51 INFO  Server:67 - Disconnect: Mock for Socket, hashCode: 36202360
2018-11-20 22:42:51 INFO  Server:67 - Disconnect: Mock for Socket, hashCode: 1318822808
2018-11-20 22:42:51 INFO  Server:67 - Disconnect: Mock for Socket, hashCode: 329645619
2018-11-20 22:42:51 INFO  Server:67 - Disconnect: Mock for Socket, hashCode: 1604125387
2018-11-20 22:42:51 INFO  Server:67 - Disconnect: Mock for Socket, hashCode: 1795799895
2018-11-20 22:42:51 INFO  Server:67 - Disconnect: Mock for Socket, hashCode: 1445157774
2018-11-20 22:42:51 INFO  Server:60 - Connection: Mock for Socket, hashCode: 1340328248
2018-11-20 22:42:51 INFO  Server:67 - Disconnect: Mock for Socket, hashCode: 1340328248
2018-11-20 22:44:03 INFO  Server:32 - SAME зарегистрировался как CLIENT
2018-11-20 22:44:03 INFO  Server:32 - SAME зарегистрировался как AGENT
2018-11-20 22:44:04 INFO  Server:39 - Server running
2018-11-20 22:44:04 INFO  Server:67 - Disconnect: Mock for Socket, hashCode: 1589683045
2018-11-20 22:44:04 INFO  Server:39 - Server running
2018-11-20 22:44:04 INFO  Server:60 - Connection: Mock for Socket, hashCode: 1589683045
2018-11-20 22:44:04 INFO  Server:32 - A зарегистрировался как AGENT
2018-11-20 22:44:04 INFO  Server:67 - Disconnect: Mock for Socket, hashCode: 1589683045
2018-11-20 22:44:04 INFO  Server:67 - Disconnect: Mock for Socket, hashCode: 1875308878
2018-11-20 22:44:04 INFO  Server:60 - Connection: Mock for Socket, hashCode: 1875308878
2018-11-20 22:44:04 INFO  Server:67 - Disconnect: Mock for Socket, hashCode: 1875308878
2018-11-20 22:44:04 INFO  Server:67 - Disconnect: Mock for Socket, hashCode: 1522311648
2018-11-20 22:44:04 INFO  Server:67 - Disconnect: Mock for Socket, hashCode: 36202360
2018-11-20 22:44:04 INFO  Server:67 - Disconnect: Mock for Socket, hashCode: 1383547042
2018-11-20 22:44:04 INFO  Server:67 - Disconnect: Mock for Socket, hashCode: 923219673
2018-11-20 22:44:04 INFO  Server:67 - Disconnect: Mock for Socket, hashCode: 1668627309
2018-11-20 22:46:00 INFO  Server:32 - SAME зарегистрировался как CLIENT
2018-11-20 22:46:00 INFO  Server:32 - SAME зарегистрировался как AGENT
2018-11-20 22:46:00 INFO  Server:39 - Server running
2018-11-20 22:46:00 INFO  Server:67 - Disconnect: Mock for Socket, hashCode: 1340328248
2018-11-20 22:46:00 INFO  Server:39 - Server running
2018-11-20 22:46:00 INFO  Server:60 - Connection: Mock for Socket, hashCode: 1445157774
2018-11-20 22:46:00 INFO  Server:60 - Connection: Mock for Socket, hashCode: 1340328248
2018-11-20 22:46:00 INFO  Server:32 - A зарегистрировался как AGENT
2018-11-20 22:46:00 INFO  Server:67 - Disconnect: Mock for Socket, hashCode: 1445157774
2018-11-20 22:46:00 INFO  Server:67 - Disconnect: Mock for Socket, hashCode: 36202360
2018-11-20 22:46:00 INFO  Server:67 - Disconnect: Mock for Socket, hashCode: 329645619
2018-11-20 22:46:00 INFO  Server:67 - Disconnect: Mock for Socket, hashCode: 1604125387
2018-11-20 22:46:00 INFO  Server:67 - Disconnect: Mock for Socket, hashCode: 1795799895
2018-11-20 22:46:00 INFO  Server:67 - Disconnect: Mock for Socket, hashCode: 1445157774
2018-11-20 22:46:00 INFO  Server:67 - Disconnect: Mock for Socket, hashCode: 1340328248
2018-11-20 22:49:05 INFO  Server:32 - SAME зарегистрировался как CLIENT
2018-11-20 22:49:05 INFO  Server:32 - SAME зарегистрировался как AGENT
2018-11-20 22:49:06 INFO  Server:39 - Server running
2018-11-20 22:49:06 INFO  Server:67 - Disconnect: Mock for Socket, hashCode: 1589683045
2018-11-20 22:49:06 INFO  Server:60 - Connection: Mock for Socket, hashCode: 1589683045
2018-11-20 22:49:06 INFO  Server:39 - Server running
2018-11-20 22:49:06 INFO  Server:60 - Connection: Mock for Socket, hashCode: 1875308878
2018-11-20 22:49:06 INFO  Server:67 - Disconnect: Mock for Socket, hashCode: 1589683045
2018-11-20 22:49:06 INFO  Server:67 - Disconnect: Mock for Socket, hashCode: 1875308878
2018-11-20 22:49:06 INFO  Server:32 - A зарегистрировался как AGENT
2018-11-20 22:49:06 INFO  Server:67 - Disconnect: Mock for Socket, hashCode: 1875308878
2018-11-20 22:49:06 INFO  Server:67 - Disconnect: Mock for Socket, hashCode: 1522311648
2018-11-20 22:49:06 INFO  Server:67 - Disconnect: Mock for Socket, hashCode: 36202360
2018-11-20 22:49:06 INFO  Server:67 - Disconnect: Mock for Socket, hashCode: 1383547042
2018-11-20 22:49:06 INFO  Server:67 - Disconnect: Mock for Socket, hashCode: 923219673
2018-11-20 22:49:06 INFO  Server:67 - Disconnect: Mock for Socket, hashCode: 1668627309
2018-11-20 22:51:29 INFO  Server:32 - SAME зарегистрировался как CLIENT
2018-11-20 22:51:29 INFO  Server:32 - SAME зарегистрировался как AGENT
2018-11-20 22:52:18 INFO  Server:32 - SAME зарегистрировался как CLIENT
2018-11-20 22:52:18 INFO  Server:32 - SAME зарегистрировался как AGENT
2018-11-20 22:52:18 INFO  Server:39 - Server running
2018-11-20 22:52:18 INFO  Server:67 - Disconnect: Mock for Socket, hashCode: 1340328248
2018-11-20 22:52:18 INFO  Server:60 - Connection: Mock for Socket, hashCode: 1340328248
2018-11-20 22:52:18 INFO  Server:67 - Disconnect: Mock for Socket, hashCode: 1522311648
2018-11-20 22:52:18 INFO  Server:67 - Disconnect: Mock for Socket, hashCode: 36202360
2018-11-20 22:52:18 INFO  Server:67 - Disconnect: Mock for Socket, hashCode: 1383547042
2018-11-20 22:52:18 INFO  Server:67 - Disconnect: Mock for Socket, hashCode: 1340328248
2018-11-20 22:53:05 INFO  Server:32 - SAME зарегистрировался как CLIENT
2018-11-20 22:53:05 INFO  Server:32 - SAME зарегистрировался как AGENT
2018-11-20 22:53:05 INFO  Server:39 - Server running
2018-11-20 22:53:05 INFO  Server:67 - Disconnect: Mock for Socket, hashCode: 1340328248
2018-11-20 22:53:05 INFO  Server:60 - Connection: Mock for Socket, hashCode: 1340328248
2018-11-20 22:53:05 INFO  Server:67 - Disconnect: Mock for Socket, hashCode: 1340328248
2018-11-20 22:54:30 INFO  Server:32 - SAME зарегистрировался как CLIENT
2018-11-20 22:54:30 INFO  Server:32 - SAME зарегистрировался как AGENT
2018-11-20 22:54:31 INFO  Server:39 - Server running
2018-11-20 22:54:31 INFO  Server:39 - Server running
2018-11-20 22:54:31 INFO  Server:60 - Connection: Mock for Socket, hashCode: 1589683045
2018-11-20 22:54:31 INFO  Server:60 - Connection: Mock for Socket, hashCode: 1875308878
2018-11-20 22:54:31 INFO  Server:67 - Disconnect: Mock for Socket, hashCode: 1589683045
2018-11-20 22:54:31 INFO  Server:67 - Disconnect: Mock for Socket, hashCode: 1875308878
2018-11-20 22:54:31 INFO  Server:32 - A зарегистрировался как AGENT
2018-11-20 22:58:24 INFO  Server:32 - SAME зарегистрировался как CLIENT
2018-11-20 22:58:24 INFO  Server:32 - SAME зарегистрировался как AGENT
2018-11-20 22:58:25 INFO  Server:39 - Server running
2018-11-20 22:58:25 INFO  Server:67 - Disconnect: Mock for Socket, hashCode: 1340328248
2018-11-20 22:58:25 INFO  Server:60 - Connection: Mock for Socket, hashCode: 1340328248
2018-11-20 22:58:25 INFO  Server:67 - Disconnect: Mock for Socket, hashCode: 1522311648
2018-11-20 22:58:25 INFO  Server:67 - Disconnect: Mock for Socket, hashCode: 36202360
2018-11-20 22:58:25 INFO  Server:67 - Disconnect: Mock for Socket, hashCode: 1383547042
2018-11-20 22:58:25 INFO  Server:67 - Disconnect: Mock for Socket, hashCode: 923219673
2018-11-20 22:58:25 INFO  Server:67 - Disconnect: Mock for Socket, hashCode: 1668627309
2018-11-20 22:58:25 INFO  Server:67 - Disconnect: Mock for Socket, hashCode: 1340328248
2018-11-20 23:01:09 INFO  Server:32 - SAME зарегистрировался как CLIENT
2018-11-20 23:01:09 INFO  Server:32 - SAME зарегистрировался как AGENT
2018-11-20 23:01:09 INFO  Server:39 - Server running
2018-11-20 23:01:09 INFO  Server:67 - Disconnect: Mock for Socket, hashCode: 1589683045
2018-11-20 23:01:09 INFO  Server:39 - Server running
2018-11-20 23:01:09 INFO  Server:32 - A зарегистрировался как AGENT
2018-11-20 23:01:09 INFO  Server:67 - Disconnect: Mock for Socket, hashCode: 1875308878
2018-11-20 23:01:09 INFO  Server:67 - Disconnect: Mock for Socket, hashCode: 1522311648
2018-11-20 23:01:09 INFO  Server:67 - Disconnect: Mock for Socket, hashCode: 36202360
2018-11-20 23:01:09 INFO  Server:67 - Disconnect: Mock for Socket, hashCode: 1383547042
2018-11-20 23:01:10 INFO  Server:60 - Connection: Mock for Socket, hashCode: 1875308878
2018-11-20 23:01:10 INFO  Server:67 - Disconnect: Mock for Socket, hashCode: 1875308878
2018-11-20 23:01:10 INFO  Server:60 - Connection: Mock for Socket, hashCode: 1589683045
2018-11-20 23:01:10 INFO  Server:67 - Disconnect: Mock for Socket, hashCode: 1589683045
2018-11-20 23:01:10 INFO  Server:67 - Disconnect: Mock for Socket, hashCode: 923219673
2018-11-20 23:01:10 INFO  Server:67 - Disconnect: Mock for Socket, hashCode: 731260860
2018-11-20 23:02:04 INFO  Server:32 - SAME зарегистрировался как CLIENT
2018-11-20 23:02:04 INFO  Server:32 - SAME зарегистрировался как AGENT
2018-11-20 23:02:04 INFO  Server:39 - Server running
2018-11-20 23:02:04 INFO  Server:67 - Disconnect: Mock for Socket, hashCode: 1589683045
2018-11-20 23:02:04 INFO  Server:39 - Server running
2018-11-20 23:02:04 INFO  Server:32 - A зарегистрировался как AGENT
2018-11-20 23:02:04 INFO  Server:67 - Disconnect: Mock for Socket, hashCode: 1875308878
2018-11-20 23:02:04 INFO  Server:67 - Disconnect: Mock for Socket, hashCode: 1522311648
2018-11-20 23:02:04 INFO  Server:67 - Disconnect: Mock for Socket, hashCode: 36202360
2018-11-20 23:02:04 INFO  Server:67 - Disconnect: Mock for Socket, hashCode: 1383547042
2018-11-20 23:02:04 INFO  Server:60 - Connection: Mock for Socket, hashCode: 1589683045
2018-11-20 23:02:04 INFO  Server:67 - Disconnect: Mock for Socket, hashCode: 1589683045
2018-11-20 23:02:04 INFO  Server:60 - Connection: Mock for Socket, hashCode: 1875308878
2018-11-20 23:02:04 INFO  Server:67 - Disconnect: Mock for Socket, hashCode: 1875308878
2018-11-20 23:02:04 INFO  Server:67 - Disconnect: Mock for Socket, hashCode: 923219673
2018-11-20 23:02:04 INFO  Server:67 - Disconnect: Mock for Socket, hashCode: 731260860
2018-11-20 23:03:25 INFO  Server:32 - SAME зарегистрировался как CLIENT
2018-11-20 23:03:25 INFO  Server:32 - SAME зарегистрировался как AGENT
2018-11-20 23:03:25 INFO  Server:39 - Server running
2018-11-20 23:03:25 INFO  Server:67 - Disconnect: Mock for Socket, hashCode: 1589683045
2018-11-20 23:03:25 INFO  Server:39 - Server running
2018-11-20 23:03:25 INFO  Server:32 - A зарегистрировался как AGENT
2018-11-20 23:03:25 INFO  Server:67 - Disconnect: Mock for Socket, hashCode: 1875308878
2018-11-20 23:03:25 INFO  Server:67 - Disconnect: Mock for Socket, hashCode: 1522311648
2018-11-20 23:03:25 INFO  Server:60 - Connection: Mock for Socket, hashCode: 1875308878
2018-11-20 23:03:25 INFO  Server:67 - Disconnect: Mock for Socket, hashCode: 36202360
2018-11-20 23:03:25 INFO  Server:67 - Disconnect: Mock for Socket, hashCode: 1383547042
2018-11-20 23:03:26 INFO  Server:67 - Disconnect: Mock for Socket, hashCode: 1875308878
2018-11-20 23:03:26 INFO  Server:60 - Connection: Mock for Socket, hashCode: 1589683045
2018-11-20 23:03:26 INFO  Server:67 - Disconnect: Mock for Socket, hashCode: 1589683045
2018-11-20 23:03:26 INFO  Server:67 - Disconnect: Mock for Socket, hashCode: 923219673
2018-11-20 23:03:26 INFO  Server:67 - Disconnect: Mock for Socket, hashCode: 731260860
2018-11-20 23:05:59 INFO  Server:67 - Disconnect: Mock for Socket, hashCode: 29183965
2018-11-20 23:06:57 INFO  Server:67 - Disconnect: Mock for Socket, hashCode: 258754732
